2024-07-08 12:34:18,105 [INFO] Activator:176 - 


2024-07-08 12:34:18,109 [INFO] Activator:177 - !SESSION log4j initialized
2024-07-08 12:34:23,838 [INFO] LogOutputStream:77 - [STDOUT_REDIRECT] 
2024-07-08 12:34:30,284 [INFO] ApplicationProperties:184 - Using Application install path: C:\ST\STM32CubeIDE_1.16.0\STM32CubeIDE\plugins\com.st.stm32cube.common.mx_6.12.0.202406281431
2024-07-08 12:34:30,324 [INFO] DbMcusXml:78 - Set database path to: C:\ST\STM32CubeIDE_1.16.0\STM32CubeIDE\plugins\com.st.stm32cube.common.mx_6.12.0.202406281431\\db\/mcu/
2024-07-08 12:34:30,326 [INFO] ApiDb:274 - Set plugin database path to: C:\ST\STM32CubeIDE_1.16.0\STM32CubeIDE\plugins\com.st.stm32cube.common.mx_6.12.0.202406281431\\db\/plugins/boardmanager/
2024-07-08 12:34:30,328 [WARN] ApiDb:259 - Overriding images path with different value:  => C:\ST\STM32CubeIDE_1.16.0\STM32CubeIDE\plugins\com.st.stm32cube.common.mx_6.12.0.202406281431\\db\/plugins/mcufinder/images/
2024-07-08 12:34:30,354 [INFO] ApiDb:250 - Set database path to: C:\Users\XUANVIET\.stmcufinder\plugins\mcufinder//mcu/
2024-07-08 12:34:30,358 [INFO] DbMcusAds:125 - Set database path to: C:\Users\XUANVIET\.stmcufinder\plugins\mcufinder//mcu/
2024-07-08 12:34:30,365 [INFO] CrossReferenceDbSqlite:203 - Set database path to: C:\Users\XUANVIET\.stmcufinder\plugins\mcufinder//mcu/cs/
2024-07-08 12:34:30,658 [INFO] RulesReader:64 - Compatibility file has been processed (297 Rules)
2024-07-08 12:34:30,864 [INFO] DbMcusXml:78 - Set database path to: C:\ST\STM32CubeIDE_1.16.0\STM32CubeIDE\plugins\com.st.stm32cube.common.mx_6.12.0.202406281431\\db\/mcu/
2024-07-08 12:34:30,865 [INFO] ApiDb:274 - Set plugin database path to: C:\ST\STM32CubeIDE_1.16.0\STM32CubeIDE\plugins\com.st.stm32cube.common.mx_6.12.0.202406281431\\db\/plugins/boardmanager/
2024-07-08 12:34:30,865 [INFO] ApiDb:261 - Set plugin images path to: C:\ST\STM32CubeIDE_1.16.0\STM32CubeIDE\plugins\com.st.stm32cube.common.mx_6.12.0.202406281431\\db\/plugins/mcufinder/images/
2024-07-08 12:34:30,866 [WARN] DbFile:41 - Overriding database path with different value: C:\Users\XUANVIET\.stmcufinder\plugins\mcufinder/ => C:\Users\XUANVIET\.stmcufinder\plugins\mcufinder
2024-07-08 12:34:30,866 [INFO] ApiDb:250 - Set database path to: C:\Users\XUANVIET\.stmcufinder\plugins\mcufinder//mcu/
2024-07-08 12:34:30,866 [WARN] DbFile:41 - Overriding database path with different value: C:\Users\XUANVIET\.stmcufinder\plugins\mcufinder/ => C:\Users\XUANVIET\.stmcufinder\plugins\mcufinder
2024-07-08 12:34:30,867 [INFO] DbMcusAds:125 - Set database path to: C:\Users\XUANVIET\.stmcufinder\plugins\mcufinder//mcu/
2024-07-08 12:34:30,867 [WARN] DbFile:41 - Overriding database path with different value: C:\Users\XUANVIET\.stmcufinder\plugins\mcufinder/ => C:\Users\XUANVIET\.stmcufinder\plugins\mcufinder
2024-07-08 12:34:30,867 [WARN] DbFile:41 - Overriding database path with different value: C:\Users\XUANVIET\.stmcufinder\plugins\mcufinder/ => C:\Users\XUANVIET\.stmcufinder\plugins\mcufinder
2024-07-08 12:34:30,867 [INFO] CrossReferenceDbSqlite:203 - Set database path to: C:\Users\XUANVIET\.stmcufinder\plugins\mcufinder//mcu/cs/
2024-07-08 12:34:31,087 [INFO] MainPanel:268 - HeapMemory: 268435456
2024-07-08 12:34:31,310 [INFO] DbMcusXml:78 - Set database path to: C:\ST\STM32CubeIDE_1.16.0\STM32CubeIDE\plugins\com.st.stm32cube.common.mx_6.12.0.202406281431\\db\/mcu/
2024-07-08 12:34:31,311 [INFO] ApiDb:274 - Set plugin database path to: C:\ST\STM32CubeIDE_1.16.0\STM32CubeIDE\plugins\com.st.stm32cube.common.mx_6.12.0.202406281431\\db\/plugins/boardmanager/
2024-07-08 12:34:31,311 [INFO] ApiDb:261 - Set plugin images path to: C:\ST\STM32CubeIDE_1.16.0\STM32CubeIDE\plugins\com.st.stm32cube.common.mx_6.12.0.202406281431\\db\/plugins/mcufinder/images/
2024-07-08 12:34:31,312 [WARN] DbFile:41 - Overriding database path with different value: C:\Users\XUANVIET\.stmcufinder\plugins\mcufinder/ => C:\Users\XUANVIET\.stmcufinder\plugins\mcufinder
2024-07-08 12:34:31,313 [INFO] ApiDb:250 - Set database path to: C:\Users\XUANVIET\.stmcufinder\plugins\mcufinder//mcu/
2024-07-08 12:34:31,313 [WARN] DbFile:41 - Overriding database path with different value: C:\Users\XUANVIET\.stmcufinder\plugins\mcufinder/ => C:\Users\XUANVIET\.stmcufinder\plugins\mcufinder
2024-07-08 12:34:31,313 [INFO] DbMcusAds:125 - Set database path to: C:\Users\XUANVIET\.stmcufinder\plugins\mcufinder//mcu/
2024-07-08 12:34:31,313 [WARN] DbFile:41 - Overriding database path with different value: C:\Users\XUANVIET\.stmcufinder\plugins\mcufinder/ => C:\Users\XUANVIET\.stmcufinder\plugins\mcufinder
2024-07-08 12:34:31,314 [WARN] DbFile:41 - Overriding database path with different value: C:\Users\XUANVIET\.stmcufinder\plugins\mcufinder/ => C:\Users\XUANVIET\.stmcufinder\plugins\mcufinder
2024-07-08 12:34:31,314 [INFO] CrossReferenceDbSqlite:203 - Set database path to: C:\Users\XUANVIET\.stmcufinder\plugins\mcufinder//mcu/cs/
2024-07-08 12:34:31,359 [INFO] ApplicationProperties:184 - Using Application install path: C:\ST\STM32CubeIDE_1.16.0\STM32CubeIDE\plugins\com.st.stm32cube.common.mx_6.12.0.202406281431
2024-07-08 12:34:31,365 [INFO] PluginManage:196 - Search for loadable plugins [exclusion list=, ]
2024-07-08 12:34:31,368 [INFO] PluginManage:310 - Check plugin analytics
2024-07-08 12:34:31,817 [INFO] AnalyticsPlugin:253 - Accepted Software Licenses: STM32CubeMX.6.12.0
2024-07-08 12:34:31,819 [INFO] AnalyticsPlugin:255 - Accepted CMSIS Pack Licenses: 
2024-07-08 12:34:31,820 [INFO] AnalyticsPlugin:257 - Accepted Firmware Licenses: 
2024-07-08 12:34:31,843 [INFO] PluginManage:359 - Loaded plugin analytics (category:tool,tabindex:-1)
2024-07-08 12:34:31,843 [INFO] PluginManage:310 - Check plugin cadmodel
2024-07-08 12:34:31,909 [INFO] CADModel:105 - Init CAD model plugin
2024-07-08 12:34:31,910 [INFO] PluginManage:359 - Loaded plugin cadmodel (category:power,tabindex:5)
2024-07-08 12:34:31,910 [INFO] PluginManage:310 - Check plugin clock
2024-07-08 12:34:31,963 [INFO] PluginManage:359 - Loaded plugin clock (category:base,tabindex:2)
2024-07-08 12:34:31,964 [INFO] PluginManage:310 - Check plugin ddr
2024-07-08 12:34:31,971 [INFO] PluginManage:359 - Loaded plugin ddr (category:tool,tabindex:6)
2024-07-08 12:34:31,972 [INFO] PluginManage:310 - Check plugin filemanager
2024-07-08 12:34:32,321 [INFO] PluginManage:359 - Loaded plugin filemanager (category:base,tabindex:10)
2024-07-08 12:34:32,321 [INFO] PluginManage:310 - Check plugin ipmanager
2024-07-08 12:34:32,337 [INFO] PluginManage:359 - Loaded plugin ipmanager (category:base,tabindex:5)
2024-07-08 12:34:32,338 [INFO] PluginManage:310 - Check plugin lpbam
2024-07-08 12:34:32,383 [INFO] PluginManage:359 - Loaded plugin lpbam (category:base,tabindex:0)
2024-07-08 12:34:32,383 [INFO] PluginManage:310 - Check plugin memorymap
2024-07-08 12:34:32,451 [INFO] PluginManage:359 - Loaded plugin memorymap (category:base,tabindex:4)
2024-07-08 12:34:32,452 [INFO] PluginManage:310 - Check plugin pinoutandconfiguration
2024-07-08 12:34:32,504 [INFO] PluginManage:359 - Loaded plugin pinoutandconfiguration (category:base,tabindex:1)
2024-07-08 12:34:32,504 [INFO] PluginManage:310 - Check plugin pinoutconfig
2024-07-08 12:34:32,740 [WARN] SupportedApi:132 - Cannot load RTOS API schema: s4s-elt-must-match.1: The content of 'definitions' must match (annotation?, (simpleType | complexType)?, (unique | key | keyref)*)). A problem was found starting at: attribute.
2024-07-08 12:34:33,036 [INFO] PluginManage:359 - Loaded plugin pinoutconfig (category:base,tabindex:0)
2024-07-08 12:34:33,036 [INFO] PluginManage:310 - Check plugin power
2024-07-08 12:34:33,078 [INFO] PluginManage:359 - Loaded plugin power (category:power,tabindex:4)
2024-07-08 12:34:33,079 [INFO] PluginManage:310 - Check plugin projectmanager
2024-07-08 12:34:33,114 [INFO] PluginManage:359 - Loaded plugin projectmanager (category:projectmanager,tabindex:4)
2024-07-08 12:34:33,114 [INFO] PluginManage:310 - Check plugin rif
2024-07-08 12:34:33,139 [INFO] PluginManage:359 - Loaded plugin rif (category:base,tabindex:3)
2024-07-08 12:34:33,139 [INFO] PluginManage:310 - Check plugin thirdparty
2024-07-08 12:34:33,672 [INFO] PluginManage:359 - Loaded plugin thirdparty (category:base,tabindex:-1)
2024-07-08 12:34:33,673 [INFO] PluginManage:310 - Check plugin tools
2024-07-08 12:34:33,673 [WARN] IntegrityCheckThread:84 - waiting for thirdparty lock release [integrity check]
2024-07-08 12:34:33,674 [INFO] IntegrityCheckThread:86 - entering critical section [integrity check]
2024-07-08 12:34:33,675 [INFO] ThirdPartyUpdaterWithRetryManager:70 - Updater plugin not ready yet. [1/15]
2024-07-08 12:34:33,739 [INFO] PluginManage:359 - Loaded plugin tools (category:base,tabindex:7)
2024-07-08 12:34:33,740 [INFO] PluginManage:310 - Check plugin tutovideos
2024-07-08 12:34:34,186 [INFO] PluginManage:359 - Loaded plugin tutovideos (category:base,tabindex:-1)
2024-07-08 12:34:34,189 [INFO] PluginManage:310 - Check plugin updater
2024-07-08 12:34:34,242 [INFO] PluginManage:359 - Loaded plugin updater (category:base,tabindex:12)
2024-07-08 12:34:34,242 [INFO] PluginManage:310 - Check plugin userauth
2024-07-08 12:34:34,252 [INFO] UserAuth:113 - Init User Auth plugin
2024-07-08 12:34:34,252 [INFO] PluginManage:359 - Loaded plugin userauth (category:base,tabindex:14)
2024-07-08 12:34:34,253 [INFO] PluginManage:283 - PluginManage : Loaded plugins [18]
2024-07-08 12:34:34,718 [INFO] PinOutPanel:1561 - setPackage(No Configuration,No Configuration)
2024-07-08 12:34:34,939 [INFO] CADModel:165 - CPN selected for project level
2024-07-08 12:34:34,940 [INFO] CADModel:114 - Register for checkConnection events
2024-07-08 12:34:34,991 [INFO] IPUIPlugin:80 - create IPUIPlugin
2024-07-08 12:34:34,992 [INFO] PluginManager:220 - loadIPPluginJar : add adc
2024-07-08 12:34:35,054 [INFO] IPUIPlugin:80 - create IPUIPlugin
2024-07-08 12:34:35,054 [INFO] PluginManager:220 - loadIPPluginJar : add aes
2024-07-08 12:34:35,200 [INFO] IPUIPlugin:80 - create IPUIPlugin
2024-07-08 12:34:35,200 [INFO] PluginManager:220 - loadIPPluginJar : add can
2024-07-08 12:34:35,247 [INFO] IPUIPlugin:80 - create IPUIPlugin
2024-07-08 12:34:35,248 [INFO] PluginManager:220 - loadIPPluginJar : add comp
2024-07-08 12:34:35,310 [INFO] IPUIPlugin:80 - create IPUIPlugin
2024-07-08 12:34:35,310 [INFO] PluginManager:220 - loadIPPluginJar : add cryp
2024-07-08 12:34:35,339 [INFO] IPUIPlugin:80 - create IPUIPlugin
2024-07-08 12:34:35,339 [INFO] PluginManager:220 - loadIPPluginJar : add ddr_ctrl_phy
2024-07-08 12:34:35,395 [INFO] IPUIPlugin:80 - create IPUIPlugin
2024-07-08 12:34:35,395 [INFO] PluginManager:220 - loadIPPluginJar : add dfsdm
2024-07-08 12:34:35,416 [INFO] IPUIPlugin:80 - create IPUIPlugin
2024-07-08 12:34:35,418 [INFO] PluginManager:220 - loadIPPluginJar : add dma
2024-07-08 12:34:35,503 [INFO] IPUIPlugin:80 - create IPUIPlugin
2024-07-08 12:34:35,503 [INFO] PluginManager:220 - loadIPPluginJar : add dma3
2024-07-08 12:34:35,610 [INFO] IPUIPlugin:80 - create IPUIPlugin
2024-07-08 12:34:35,610 [INFO] PluginManager:220 - loadIPPluginJar : add extmemmanager
2024-07-08 12:34:35,658 [INFO] IPUIPlugin:80 - create IPUIPlugin
2024-07-08 12:34:35,658 [INFO] PluginManager:220 - loadIPPluginJar : add fatfs
2024-07-08 12:34:35,747 [INFO] IPUIPlugin:80 - create IPUIPlugin
2024-07-08 12:34:35,747 [INFO] PluginManager:220 - loadIPPluginJar : add fmc
2024-07-08 12:34:35,783 [INFO] IPUIPlugin:80 - create IPUIPlugin
2024-07-08 12:34:35,784 [INFO] PluginManager:220 - loadIPPluginJar : add freertos
2024-07-08 12:34:35,820 [INFO] IPUIPlugin:80 - create IPUIPlugin
2024-07-08 12:34:35,821 [INFO] PluginManager:220 - loadIPPluginJar : add genericplugin
2024-07-08 12:34:36,010 [INFO] IPUIPlugin:80 - create IPUIPlugin
2024-07-08 12:34:36,010 [INFO] PluginManager:220 - loadIPPluginJar : add gfxmmu
2024-07-08 12:34:36,314 [INFO] IPUIPlugin:80 - create IPUIPlugin
2024-07-08 12:34:36,315 [INFO] PluginManager:220 - loadIPPluginJar : add gic
2024-07-08 12:34:36,362 [INFO] IPUIPlugin:80 - create IPUIPlugin
2024-07-08 12:34:36,363 [INFO] PluginManager:220 - loadIPPluginJar : add gpio
2024-07-08 12:34:36,552 [INFO] IPUIPlugin:80 - create IPUIPlugin
2024-07-08 12:34:36,552 [INFO] PluginManager:220 - loadIPPluginJar : add gtzc
2024-07-08 12:34:36,628 [INFO] IPUIPlugin:80 - create IPUIPlugin
2024-07-08 12:34:36,629 [INFO] PluginManager:220 - loadIPPluginJar : add hash
2024-07-08 12:34:36,677 [INFO] ThirdPartyUpdaterWithRetryManager:70 - Updater plugin not ready yet. [2/15]
2024-07-08 12:34:36,748 [INFO] IPUIPlugin:80 - create IPUIPlugin
2024-07-08 12:34:36,749 [INFO] PluginManager:220 - loadIPPluginJar : add i2c
2024-07-08 12:34:36,847 [INFO] IPUIPlugin:80 - create IPUIPlugin
2024-07-08 12:34:36,847 [INFO] PluginManager:220 - loadIPPluginJar : add i2s
2024-07-08 12:34:36,945 [INFO] IPUIPlugin:80 - create IPUIPlugin
2024-07-08 12:34:36,946 [INFO] PluginManager:220 - loadIPPluginJar : add i3c
2024-07-08 12:34:37,154 [INFO] IPUIPlugin:80 - create IPUIPlugin
2024-07-08 12:34:37,154 [INFO] PluginManager:220 - loadIPPluginJar : add ipddr
2024-07-08 12:34:37,376 [INFO] IPUIPlugin:80 - create IPUIPlugin
2024-07-08 12:34:37,378 [INFO] PluginManager:220 - loadIPPluginJar : add linkedlist
2024-07-08 12:34:37,450 [INFO] IPUIPlugin:80 - create IPUIPlugin
2024-07-08 12:34:37,450 [INFO] PluginManager:220 - loadIPPluginJar : add lorawan
2024-07-08 12:34:37,538 [INFO] IPUIPlugin:80 - create IPUIPlugin
2024-07-08 12:34:37,538 [INFO] PluginManager:220 - loadIPPluginJar : add ltdc
2024-07-08 12:34:37,575 [INFO] IPUIPlugin:80 - create IPUIPlugin
2024-07-08 12:34:37,575 [INFO] PluginManager:220 - loadIPPluginJar : add mdma
2024-07-08 12:34:37,595 [INFO] IPUIPlugin:80 - create IPUIPlugin
2024-07-08 12:34:37,595 [INFO] PluginManager:220 - loadIPPluginJar : add nvic
2024-07-08 12:34:37,666 [INFO] IPUIPlugin:80 - create IPUIPlugin
2024-07-08 12:34:37,666 [INFO] PluginManager:220 - loadIPPluginJar : add opamp
2024-07-08 12:34:37,795 [INFO] IPUIPlugin:80 - create IPUIPlugin
2024-07-08 12:34:37,795 [INFO] PluginManager:220 - loadIPPluginJar : add openamp
2024-07-08 12:34:37,894 [INFO] IPUIPlugin:80 - create IPUIPlugin
2024-07-08 12:34:37,895 [INFO] PluginManager:220 - loadIPPluginJar : add pdm2pcm
2024-07-08 12:34:37,923 [INFO] IPUIPlugin:80 - create IPUIPlugin
2024-07-08 12:34:37,927 [INFO] PluginManager:220 - loadIPPluginJar : add plateformsettings
2024-07-08 12:34:37,968 [INFO] IPUIPlugin:80 - create IPUIPlugin
2024-07-08 12:34:37,969 [INFO] PluginManager:220 - loadIPPluginJar : add quadspi
2024-07-08 12:34:38,014 [INFO] IPUIPlugin:80 - create IPUIPlugin
2024-07-08 12:34:38,015 [INFO] PluginManager:220 - loadIPPluginJar : add radio
2024-07-08 12:34:38,039 [INFO] IPUIPlugin:80 - create IPUIPlugin
2024-07-08 12:34:38,039 [INFO] PluginManager:220 - loadIPPluginJar : add resmgrutility
2024-07-08 12:34:38,123 [INFO] IPUIPlugin:80 - create IPUIPlugin
2024-07-08 12:34:38,123 [INFO] PluginManager:220 - loadIPPluginJar : add sai
2024-07-08 12:34:38,196 [INFO] IPUIPlugin:80 - create IPUIPlugin
2024-07-08 12:34:38,196 [INFO] PluginManager:220 - loadIPPluginJar : add spi
2024-07-08 12:34:38,327 [INFO] IPUIPlugin:80 - create IPUIPlugin
2024-07-08 12:34:38,327 [INFO] PluginManager:220 - loadIPPluginJar : add stm32_wpan
2024-07-08 12:34:38,374 [INFO] IPUIPlugin:80 - create IPUIPlugin
2024-07-08 12:34:38,375 [INFO] PluginManager:220 - loadIPPluginJar : add tim
2024-07-08 12:34:38,485 [INFO] IPUIPlugin:80 - create IPUIPlugin
2024-07-08 12:34:38,485 [INFO] PluginManager:220 - loadIPPluginJar : add touchsensing
2024-07-08 12:34:38,535 [INFO] IPUIPlugin:80 - create IPUIPlugin
2024-07-08 12:34:38,535 [INFO] PluginManager:220 - loadIPPluginJar : add tracer_emb
2024-07-08 12:34:38,577 [INFO] IPUIPlugin:80 - create IPUIPlugin
2024-07-08 12:34:38,578 [INFO] PluginManager:220 - loadIPPluginJar : add ts
2024-07-08 12:34:38,616 [INFO] IPUIPlugin:80 - create IPUIPlugin
2024-07-08 12:34:38,616 [INFO] PluginManager:220 - loadIPPluginJar : add tsc
2024-07-08 12:34:38,654 [INFO] IPUIPlugin:80 - create IPUIPlugin
2024-07-08 12:34:38,654 [INFO] PluginManager:220 - loadIPPluginJar : add ucpd
2024-07-08 12:34:38,735 [INFO] IPUIPlugin:80 - create IPUIPlugin
2024-07-08 12:34:38,736 [INFO] PluginManager:220 - loadIPPluginJar : add usart
2024-07-08 12:34:38,819 [INFO] IPUIPlugin:80 - create IPUIPlugin
2024-07-08 12:34:38,819 [INFO] PluginManager:220 - loadIPPluginJar : add usbx
2024-07-08 12:34:39,029 [INFO] CADModel:165 - CPN selected for project level
2024-07-08 12:34:39,030 [INFO] CADModel:114 - Register for checkConnection events
2024-07-08 12:34:39,031 [FATAL] Updater:334 - Updater called before beeing initialized
2024-07-08 12:34:39,033 [ERROR] CADModel:125 - Updater not yet initialized, retry later 
2024-07-08 12:34:39,334 [INFO] CADModel:165 - CPN selected for project level
2024-07-08 12:34:39,335 [INFO] CADModel:114 - Register for checkConnection events
2024-07-08 12:34:39,336 [FATAL] Updater:334 - Updater called before beeing initialized
2024-07-08 12:34:39,336 [ERROR] CADModel:125 - Updater not yet initialized, retry later 
2024-07-08 12:34:39,342 [FATAL] Updater:334 - Updater called before beeing initialized
2024-07-08 12:34:39,547 [FATAL] Updater:334 - Updater called before beeing initialized
2024-07-08 12:34:39,562 [INFO] DbMcusAds:53 - JSON generation date=Thu May 16 16:22:00 ICT 2024 (1715851320667)
2024-07-08 12:34:39,563 [FATAL] Updater:334 - Updater called before beeing initialized
2024-07-08 12:34:39,628 [WARN] DetailPanel:346 - Failed to get advertising image, set to default
2024-07-08 12:34:39,678 [INFO] ThirdPartyUpdaterWithRetryManager:70 - Updater plugin not ready yet. [3/15]
2024-07-08 12:34:39,778 [FATAL] Updater:334 - Updater called before beeing initialized
2024-07-08 12:34:39,781 [FATAL] Updater:334 - Updater called before beeing initialized
2024-07-08 12:34:39,781 [FATAL] Updater:334 - Updater called before beeing initialized
2024-07-08 12:34:39,781 [WARN] DetailPanel:346 - Failed to get advertising image, set to default
2024-07-08 12:34:39,783 [FATAL] Updater:334 - Updater called before beeing initialized
2024-07-08 12:34:39,943 [ERROR] Updater:1164 - MainUpdater not yet initialized. External WinMGr cannot be set.
2024-07-08 12:34:39,965 [INFO] Updater:1100 - Updater Version found : 6.12.0
2024-07-08 12:34:40,006 [INFO] ApplicationProperties:184 - Using Application install path: C:\ST\STM32CubeIDE_1.16.0\STM32CubeIDE\plugins\com.st.stm32cube.common.mx_6.12.0.202406281431
2024-07-08 12:34:41,616 [ERROR] LogOutputStream:75 - [STDERR_REDIRECT] Jul 08, 2024 12:34:41 PM java.util.prefs.WindowsPreferences <init>
2024-07-08 12:34:41,618 [ERROR] LogOutputStream:75 - [STDERR_REDIRECT] WARNING: Could not open/create prefs root node Software\JavaSoft\Prefs at root 0xffffffff80000002. Windows RegCreateKeyEx(...) returned error code 5.
2024-07-08 12:34:41,618 [ERROR] LogOutputStream:75 - [STDERR_REDIRECT] 
2024-07-08 12:34:42,346 [INFO] MainUpdater:2873 - connection check result : 10
2024-07-08 12:34:42,347 [INFO] MainUpdater:290 - Updater Check For Update Now.
2024-07-08 12:34:42,348 [INFO] MicroXplorer:498 - Change Database Version : DB.6.0.120
2024-07-08 12:34:42,447 [INFO] McuFinderGlobals:63 - Set McuFinder mode to 2 (CubeIDE integrated)
2024-07-08 12:34:42,449 [INFO] UserAuth:179 - activating auth plugin
2024-07-08 12:34:42,538 [INFO] UserAuth:417 - Internet connection configuration mode: 1
2024-07-08 12:34:42,651 [INFO] JxBrowserEngine:152 - Initiate JxBrowser Engine with user profile folder
2024-07-08 12:34:42,682 [WARN] MainUpdater:1194 - Updater busy. Cannot search thirdparties
2024-07-08 12:34:42,682 [INFO] ThirdPartyUpdaterWithRetryManager:96 - Updater plugin is busy. [1/15]
2024-07-08 12:34:42,805 [INFO] CheckServerUpdateThread:120 - End of CheckServer Thread
2024-07-08 12:34:46,198 [WARN] PackLoader:240 - Cannot read IP mode file for STMicroelectronics.FP-SNS-MOTENVWB1.1.4.0
2024-07-08 12:34:46,267 [WARN] PackLoader:240 - Cannot read IP mode file for STMicroelectronics.X-CUBE-SMBUS.2.1.0
2024-07-08 12:34:46,449 [WARN] PackLoader:240 - Cannot read IP mode file for STMicroelectronics.X-CUBE-AZRTOS-F7.1.1.0
2024-07-08 12:34:46,549 [WARN] PackLoader:240 - Cannot read IP mode file for STMicroelectronics.FP-SNS-FLIGHT1.5.0.2
2024-07-08 12:34:46,617 [WARN] PackLoader:240 - Cannot read IP mode file for STMicroelectronics.X-CUBE-DISPLAY.3.0.0
2024-07-08 12:34:46,714 [WARN] PackLoader:240 - Cannot read IP mode file for STMicroelectronics.X-CUBE-BLE1.7.0.0
2024-07-08 12:34:46,769 [WARN] PackLoader:240 - Cannot read IP mode file for emotas.I-CUBE-CANOPEN.1.3.0
2024-07-08 12:34:46,835 [WARN] PackLoader:240 - Cannot read IP mode file for STMicroelectronics.X-CUBE-BLEMGR.3.1.0
2024-07-08 12:34:46,884 [WARN] PackLoader:240 - Cannot read IP mode file for STMicroelectronics.FP-SNS-SMARTAG2.1.2.0
2024-07-08 12:34:46,935 [INFO] LogOutputStream:77 - [STDOUT_REDIRECT] 1 : Invalid condition id : UX_CORESTACK_Condition cause : null
2024-07-08 12:34:46,936 [INFO] LogOutputStream:77 - [STDOUT_REDIRECT] 1 : Invalid condition id : UX_CORESTACK_Condition cause : null
2024-07-08 12:34:46,943 [INFO] LogOutputStream:77 - [STDOUT_REDIRECT] 1 : Invalid condition id : UX_CORESTACK_Condition cause : null
2024-07-08 12:34:46,960 [INFO] LogOutputStream:77 - [STDOUT_REDIRECT] 1 : Invalid condition id : UX_CORESTACK_Condition cause : null
2024-07-08 12:34:46,964 [INFO] LogOutputStream:77 - [STDOUT_REDIRECT] 1 : Invalid condition id : UX_CORESTACK_Condition cause : null
2024-07-08 12:34:46,979 [WARN] PackLoader:240 - Cannot read IP mode file for STMicroelectronics.X-CUBE-AZRTOS-WL.2.0.0
2024-07-08 12:34:47,051 [WARN] PackLoader:240 - Cannot read IP mode file for STMicroelectronics.FP-SNS-MOTENV1.5.0.0
2024-07-08 12:34:47,095 [WARN] PackLoader:240 - Cannot read IP mode file for wolfSSL.I-CUBE-wolfMQTT.1.19.0
2024-07-08 12:34:47,158 [WARN] PackLoader:240 - Cannot read IP mode file for WES.I-CUBE-Cesium.1.3.0
2024-07-08 12:34:47,203 [WARN] PackLoader:240 - Cannot read IP mode file for STMicroelectronics.X-CUBE-BLE2.3.3.0
2024-07-08 12:34:47,251 [WARN] PackLoader:240 - Cannot read IP mode file for STMicroelectronics.X-CUBE-TCPP.4.1.0
2024-07-08 12:34:47,360 [WARN] PackLoader:240 - Cannot read IP mode file for STMicroelectronics.X-CUBE-AZRTOS-G0.1.1.0
2024-07-08 12:34:47,403 [WARN] PackLoader:240 - Cannot read IP mode file for STMicroelectronics.X-CUBE-SAFEA1.1.2.2
2024-07-08 12:34:47,442 [WARN] PackLoader:240 - Cannot read IP mode file for STMicroelectronics.X-CUBE-NFC4.3.0.0
2024-07-08 12:34:47,491 [WARN] PackLoader:240 - Cannot read IP mode file for EmbeddedOffice.I-CUBE-FS-RTOS.1.0.1
2024-07-08 12:34:47,492 [ERROR] ConditionMgr:805 - Attr not supported : Dmpu
2024-07-08 12:34:47,493 [ERROR] ConditionMgr:805 - Attr not supported : Dmpu
2024-07-08 12:34:47,493 [ERROR] ConditionMgr:805 - Attr not supported : Dmpu
2024-07-08 12:34:47,493 [ERROR] ConditionMgr:805 - Attr not supported : Dmpu
2024-07-08 12:34:47,493 [ERROR] ConditionMgr:805 - Attr not supported : Dmpu
2024-07-08 12:34:47,493 [ERROR] ConditionMgr:805 - Attr not supported : Dmpu
2024-07-08 12:34:47,493 [ERROR] ConditionMgr:805 - Attr not supported : Dmpu
2024-07-08 12:34:47,493 [ERROR] ConditionMgr:805 - Attr not supported : Dmpu
2024-07-08 12:34:47,493 [ERROR] ConditionMgr:805 - Attr not supported : Dmpu
2024-07-08 12:34:47,494 [ERROR] ConditionMgr:805 - Attr not supported : Dmpu
2024-07-08 12:34:47,494 [ERROR] ConditionMgr:805 - Attr not supported : Dmpu
2024-07-08 12:34:47,494 [ERROR] ConditionMgr:805 - Attr not supported : Dmpu
2024-07-08 12:34:47,494 [ERROR] ConditionMgr:805 - Attr not supported : Dmpu
2024-07-08 12:34:47,495 [ERROR] ConditionMgr:805 - Attr not supported : Dmpu
2024-07-08 12:34:47,495 [ERROR] ConditionMgr:805 - Attr not supported : Dmpu
2024-07-08 12:34:47,495 [ERROR] ConditionMgr:805 - Attr not supported : Dmpu
2024-07-08 12:34:47,495 [ERROR] ConditionMgr:805 - Attr not supported : Dmpu
2024-07-08 12:34:47,495 [ERROR] ConditionMgr:805 - Attr not supported : Dmpu
2024-07-08 12:34:47,495 [ERROR] ConditionMgr:805 - Attr not supported : Dmpu
2024-07-08 12:34:47,495 [ERROR] ConditionMgr:805 - Attr not supported : Dmpu
2024-07-08 12:34:47,495 [ERROR] ConditionMgr:805 - Attr not supported : Dmpu
2024-07-08 12:34:47,495 [ERROR] ConditionMgr:805 - Attr not supported : Dmpu
2024-07-08 12:34:47,496 [ERROR] ConditionMgr:805 - Attr not supported : Dmpu
2024-07-08 12:34:47,497 [ERROR] ConditionMgr:805 - Attr not supported : Dmpu
2024-07-08 12:34:47,497 [ERROR] ConditionMgr:805 - Attr not supported : Dmpu
2024-07-08 12:34:47,497 [ERROR] ConditionMgr:805 - Attr not supported : Dmpu
2024-07-08 12:34:47,498 [ERROR] ConditionMgr:805 - Attr not supported : Dmpu
2024-07-08 12:34:47,498 [ERROR] ConditionMgr:805 - Attr not supported : Dmpu
2024-07-08 12:34:47,498 [ERROR] ConditionMgr:805 - Attr not supported : Dmpu
2024-07-08 12:34:47,499 [ERROR] ConditionMgr:805 - Attr not supported : Dmpu
2024-07-08 12:34:47,499 [ERROR] ConditionMgr:805 - Attr not supported : Dmpu
2024-07-08 12:34:47,500 [ERROR] ConditionMgr:805 - Attr not supported : Dmpu
2024-07-08 12:34:47,500 [ERROR] ConditionMgr:805 - Attr not supported : Dmpu
2024-07-08 12:34:47,500 [ERROR] ConditionMgr:805 - Attr not supported : Dmpu
2024-07-08 12:34:47,501 [ERROR] ConditionMgr:805 - Attr not supported : Dmpu
2024-07-08 12:34:47,501 [ERROR] ConditionMgr:805 - Attr not supported : Dmpu
2024-07-08 12:34:47,502 [ERROR] ConditionMgr:805 - Attr not supported : Dmpu
2024-07-08 12:34:47,506 [ERROR] ConditionMgr:805 - Attr not supported : Dmpu
2024-07-08 12:34:47,509 [ERROR] ConditionMgr:805 - Attr not supported : Dmpu
2024-07-08 12:34:47,509 [ERROR] ConditionMgr:805 - Attr not supported : Dmpu
2024-07-08 12:34:47,510 [ERROR] ConditionMgr:805 - Attr not supported : Dmpu
2024-07-08 12:34:47,510 [ERROR] ConditionMgr:805 - Attr not supported : Dmpu
2024-07-08 12:34:47,510 [ERROR] ConditionMgr:805 - Attr not supported : Dmpu
2024-07-08 12:34:47,510 [ERROR] ConditionMgr:805 - Attr not supported : Dmpu
2024-07-08 12:34:47,512 [ERROR] ConditionMgr:805 - Attr not supported : Dmpu
2024-07-08 12:34:47,514 [ERROR] ConditionMgr:805 - Attr not supported : Dmpu
2024-07-08 12:34:47,515 [ERROR] ConditionMgr:805 - Attr not supported : Dmpu
2024-07-08 12:34:47,516 [ERROR] ConditionMgr:805 - Attr not supported : Dmpu
2024-07-08 12:34:47,516 [ERROR] ConditionMgr:805 - Attr not supported : Dmpu
2024-07-08 12:34:47,516 [ERROR] ConditionMgr:805 - Attr not supported : Dmpu
2024-07-08 12:34:47,516 [ERROR] ConditionMgr:805 - Attr not supported : Dmpu
2024-07-08 12:34:47,517 [ERROR] ConditionMgr:805 - Attr not supported : Dmpu
2024-07-08 12:34:47,517 [ERROR] ConditionMgr:805 - Attr not supported : Dmpu
2024-07-08 12:34:47,518 [ERROR] ConditionMgr:805 - Attr not supported : Dmpu
2024-07-08 12:34:47,518 [ERROR] ConditionMgr:805 - Attr not supported : Dmpu
2024-07-08 12:34:47,518 [ERROR] ConditionMgr:805 - Attr not supported : Dmpu
2024-07-08 12:34:47,518 [ERROR] ConditionMgr:805 - Attr not supported : Dmpu
2024-07-08 12:34:47,518 [ERROR] ConditionMgr:805 - Attr not supported : Dmpu
2024-07-08 12:34:47,518 [ERROR] ConditionMgr:805 - Attr not supported : Dmpu
2024-07-08 12:34:47,533 [ERROR] ConditionMgr:805 - Attr not supported : Dmpu
2024-07-08 12:34:47,533 [ERROR] ConditionMgr:805 - Attr not supported : Dmpu
2024-07-08 12:34:47,533 [ERROR] ConditionMgr:805 - Attr not supported : Dmpu
2024-07-08 12:34:47,536 [ERROR] ConditionMgr:805 - Attr not supported : Dmpu
2024-07-08 12:34:47,537 [ERROR] ConditionMgr:805 - Attr not supported : Dmpu
2024-07-08 12:34:47,576 [WARN] PackLoader:240 - Cannot read IP mode file for RealThread.X-CUBE-RT-Thread_Nano.4.1.1
2024-07-08 12:34:47,601 [WARN] PackLoader:240 - Cannot read IP mode file for wolfSSL.I-CUBE-wolfSSL.5.7.0
2024-07-08 12:34:47,633 [WARN] PackLoader:240 - Cannot read IP mode file for STMicroelectronics.FP-ATR-SIGFOX1.3.2.0
2024-07-08 12:34:47,668 [WARN] PackLoader:240 - Cannot read IP mode file for STMicroelectronics.X-CUBE-EEPRMA1.5.1.0
2024-07-08 12:34:47,714 [WARN] PackLoader:240 - Cannot read IP mode file for ITTIA_DB.I-CUBE-ITTIADB.8.9.0
2024-07-08 12:34:47,809 [WARN] PackLoader:240 - Cannot read IP mode file for SEGGER.I-CUBE-embOS.1.3.1
2024-07-08 12:34:47,966 [WARN] PackLoader:240 - Cannot read IP mode file for STMicroelectronics.X-CUBE-ALGOBUILD.1.4.0
2024-07-08 12:34:48,010 [WARN] PackLoader:240 - Cannot read IP mode file for STMicroelectronics.X-CUBE-GNSS1.6.0.0
2024-07-08 12:34:48,094 [WARN] PackLoader:240 - Cannot read IP mode file for STMicroelectronics.X-CUBE-AZRTOS-F4.1.1.0
2024-07-08 12:34:48,131 [WARN] PackLoader:240 - Cannot read IP mode file for STMicroelectronics.X-CUBE-FREERTOS.1.2.0
2024-07-08 12:34:48,197 [WARN] PackLoader:240 - Cannot read IP mode file for STMicroelectronics.X-CUBE-AZRTOS-L5.2.0.0
2024-07-08 12:34:48,251 [WARN] PackLoader:240 - Cannot read IP mode file for STMicroelectronics.X-CUBE-NFC6.3.1.0
2024-07-08 12:34:48,288 [WARN] PackLoader:240 - Cannot read IP mode file for STMicroelectronics.X-CUBE-DPower.1.2.0
2024-07-08 12:34:48,323 [WARN] PackLoader:240 - Cannot read IP mode file for STMicroelectronics.X-CUBE-AI.9.0.0
2024-07-08 12:34:48,368 [WARN] PackLoader:240 - Cannot read IP mode file for STMicroelectronics.X-CUBE-NFC7.1.0.1
2024-07-08 12:34:48,399 [WARN] PackLoader:240 - Cannot read IP mode file for wolfSSL.I-CUBE-wolfTPM.3.2.0
2024-07-08 12:34:48,967 [WARN] ConditionMgr:438 - getConditionDescription Invalid condition id : LAN8742 Phy interface Condition cause : null
2024-07-08 12:34:48,968 [WARN] PackLoader:240 - Cannot read IP mode file for STMicroelectronics.X-CUBE-AZRTOS-L4.2.0.0
2024-07-08 12:34:48,971 [WARN] ConditionMgr:1039 - genDependencies : Invalid condition id : LAN8742 Phy interface Condition cause : null
2024-07-08 12:34:48,973 [WARN] ConditionMgr:1039 - genDependencies : Invalid condition id : LAN8742 Phy interface Condition cause : null
2024-07-08 12:34:48,973 [WARN] ConditionMgr:1039 - genDependencies : Invalid condition id : LAN8742 Phy interface Condition cause : null
2024-07-08 12:34:49,193 [WARN] PackLoader:240 - Cannot read IP mode file for STMicroelectronics.X-CUBE-SFXS2LP1.4.0.0
2024-07-08 12:34:49,334 [WARN] ConditionMgr:438 - getConditionDescription Invalid condition id : UX DEVICE CLASS RTOS Condition cause : null
2024-07-08 12:34:49,335 [WARN] ConditionMgr:438 - getConditionDescription Invalid condition id : UX DEVICE CLASS RTOS Condition cause : null
2024-07-08 12:34:49,342 [WARN] PackLoader:240 - Cannot read IP mode file for STMicroelectronics.X-CUBE-AZRTOS-WB.2.0.0
2024-07-08 12:34:49,344 [WARN] ConditionMgr:1039 - genDependencies : Invalid condition id : UX DEVICE CLASS RTOS Condition cause : null
2024-07-08 12:34:49,344 [WARN] ConditionMgr:1039 - genDependencies : Invalid condition id : UX DEVICE CLASS RTOS Condition cause : null
2024-07-08 12:34:49,345 [WARN] ConditionMgr:1039 - genDependencies : Invalid condition id : UX DEVICE CLASS RTOS Condition cause : null
2024-07-08 12:34:49,346 [WARN] ConditionMgr:1039 - genDependencies : Invalid condition id : UX DEVICE CLASS RTOS Condition cause : null
2024-07-08 12:34:49,347 [WARN] ConditionMgr:1039 - genDependencies : Invalid condition id : UX DEVICE CLASS RTOS Condition cause : null
2024-07-08 12:34:49,394 [WARN] PackLoader:240 - Cannot read IP mode file for STMicroelectronics.X-CUBE-SUBG2.5.0.0
2024-07-08 12:34:49,427 [WARN] PackLoader:240 - Cannot read IP mode file for Cesanta.I-CUBE-Mongoose.7.13.0
2024-07-08 12:34:49,482 [WARN] PackLoader:240 - Cannot read IP mode file for STMicroelectronics.X-CUBE-AZRTOS-G4.2.0.0
2024-07-08 12:34:49,534 [WARN] PackLoader:240 - Cannot read IP mode file for STMicroelectronics.X-CUBE-ISPU.2.0.0
2024-07-08 12:34:49,563 [WARN] PackLoader:240 - Cannot read IP mode file for STMicroelectronics.X-CUBE-ALS.1.0.2
2024-07-08 12:34:49,712 [WARN] PackLoader:240 - Cannot read IP mode file for STMicroelectronics.X-CUBE-MEMS1.10.0.0
2024-07-08 12:34:50,437 [WARN] PackLoader:240 - Cannot read IP mode file for STMicroelectronics.X-CUBE-TOUCHGFX.4.24.0
2024-07-08 12:34:50,473 [WARN] PackLoader:240 - Cannot read IP mode file for portGmbH.I-Cube-SoM-uGOAL.1.1.0
2024-07-08 12:34:50,533 [WARN] PackLoader:240 - Cannot read IP mode file for STMicroelectronics.X-CUBE-AZRTOS-H7RS.1.0.0
2024-07-08 12:34:50,562 [WARN] PackLoader:240 - Cannot read IP mode file for STMicroelectronics.FP-ATR-ASTRA1.2.0.0
2024-07-08 12:34:50,620 [WARN] PackLoader:240 - Cannot read IP mode file for STMicroelectronics.X-CUBE-TOF1.3.4.1
2024-07-08 12:34:50,719 [WARN] PackLoader:240 - Cannot read IP mode file for STMicroelectronics.X-CUBE-AZRTOS-H7.3.2.0
2024-07-08 12:34:50,775 [WARN] PackLoader:240 - Cannot read IP mode file for Infineon.AIROC-Wi-Fi-Bluetooth-STM32.1.6.0
2024-07-08 12:34:50,782 [INFO] ThirdParty:978 - Integrity check success = true
2024-07-08 12:34:50,783 [INFO] IntegrityCheckThread:100 - exiting critical section [integrity check]
2024-07-08 12:34:50,783 [INFO] IntegrityCheckThread:103 - End integrity checks thread
2024-07-08 12:34:51,694 [INFO] WebApp:167 - Instantiating new browser for Auth
2024-07-08 12:34:53,847 [INFO] WebApp:448 - Apply proxy settings
2024-07-08 12:34:53,849 [INFO] WebApp:533 - Chromium requires no authentication
2024-07-08 12:34:53,870 [INFO] WebApp:476 - Direct internet connection detected
2024-07-08 12:34:53,943 [INFO] WebApp:869 - Register for checkConnection events
2024-07-08 12:34:53,943 [INFO] WebApp:448 - Apply proxy settings
2024-07-08 12:34:53,943 [INFO] WebApp:533 - Chromium requires no authentication
2024-07-08 12:34:53,945 [INFO] WebApp:476 - Direct internet connection detected
2024-07-08 12:34:54,359 [INFO] WebApp:186 - Connection restablished
2024-07-08 12:34:54,463 [INFO] WebApp:220 - Starting web application
2024-07-08 12:34:54,463 [INFO] WebApp:578 - Web application path used C:\ST\STM32CubeIDE_1.16.0\STM32CubeIDE\plugins\com.st.stm32cube.common.mx_6.12.0.202406281431\db\plugins\mcufinder\reactClient1\index.html
2024-07-08 12:40:20,837 [ERROR] LogOutputStream:75 - [STDERR_REDIRECT] 
2024-07-08 12:40:20,840 [ERROR] LogOutputStream:75 - [STDERR_REDIRECT] 
2024-07-08 12:49:30,367 [INFO] Activator:176 - 


2024-07-08 12:49:30,372 [INFO] Activator:177 - !SESSION log4j initialized
2024-07-08 12:49:35,762 [INFO] LogOutputStream:77 - [STDOUT_REDIRECT] 
2024-07-08 12:49:50,336 [INFO] ApplicationProperties:184 - Using Application install path: C:\ST\STM32CubeIDE_1.16.0\STM32CubeIDE\plugins\com.st.stm32cube.common.mx_6.12.0.202406281431
2024-07-08 12:49:50,389 [INFO] DbMcusXml:78 - Set database path to: C:\ST\STM32CubeIDE_1.16.0\STM32CubeIDE\plugins\com.st.stm32cube.common.mx_6.12.0.202406281431\\db\/mcu/
2024-07-08 12:49:50,390 [INFO] ApiDb:274 - Set plugin database path to: C:\ST\STM32CubeIDE_1.16.0\STM32CubeIDE\plugins\com.st.stm32cube.common.mx_6.12.0.202406281431\\db\/plugins/boardmanager/
2024-07-08 12:49:50,391 [WARN] ApiDb:259 - Overriding images path with different value:  => C:\ST\STM32CubeIDE_1.16.0\STM32CubeIDE\plugins\com.st.stm32cube.common.mx_6.12.0.202406281431\\db\/plugins/mcufinder/images/
2024-07-08 12:49:50,476 [INFO] ApiDb:250 - Set database path to: C:\Users\XUANVIET\.stmcufinder\plugins\mcufinder//mcu/
2024-07-08 12:49:50,481 [INFO] DbMcusAds:125 - Set database path to: C:\Users\XUANVIET\.stmcufinder\plugins\mcufinder//mcu/
2024-07-08 12:49:50,496 [INFO] CrossReferenceDbSqlite:203 - Set database path to: C:\Users\XUANVIET\.stmcufinder\plugins\mcufinder//mcu/cs/
2024-07-08 12:49:50,741 [INFO] RulesReader:64 - Compatibility file has been processed (297 Rules)
